checking build system type... i686-pc-linux-gnu
checking host system type... i686-pc-linux-gnu
checking target system type... i686-pc-linux-gnu
Canonicalised to: i386-unknown-linux
checking for path to top of build tree... /home/simon/build/ghc-6.6.1
checking for ghc... /usr/bin/ghc
checking version of ghc... 6.6.1
checking for ghc-pkg matching /usr/bin/ghc... /usr/bin/ghc-pkg
checking whether ghc has readline package... yes
checking for nhc... no
checking for nhc98... no
checking for hbc... no
checking whether #! works in shell scripts... yes
checking for perl... /usr/bin/perl
checking if your perl works in shell scripts... yes
checking for python... /usr/bin/python
checking for gcc... gcc
checking for C compiler default output... a.out
checking whether the C compiler works... yes
checking whether we are cross compiling... no
checking for suffix of executables... 
checking for suffix of object files... o
checking whether we are using the GNU C compiler... yes
checking whether gcc accepts -g... yes
checking for gcc option to accept ANSI C... none needed
checking version of gcc... 3.4.6
checking whether gcc needs -mno-omit-leaf-frame-pointer... yes
checking whether gcc has -fno-unit-at-a-time... yes
checking whether gcc has -fwrapv... yes
checking how to run the C preprocessor... gcc -E
checking whether gcc accepts -mno-cygwin... no
checking for a working context diff... diff -C 1
checking for find... /usr/bin/find
checking for sort... /usr/bin/sort
checking for a BSD-compatible install... /usr/bin/ginstall -c
checking for ar... /usr/bin/ar
checking whether /usr/bin/ar is GNU ar... yes
checking for ar arguments... q
checking whether ranlib is needed... no
checking whether /usr/bin/ar supports -input... no
checking whether ln -s works... yes
checking for sed... /usr/bin/sed
checking for time... /usr/bin/time
checking for gtar... no
checking for tar... /usr/bin/tar
checking for xmllint... /usr/bin/xmllint
checking for DocBook DTD... ok
checking for xsltproc... /usr/bin/xsltproc
checking for DocBook XSL stylesheet directory... /usr/share/sgml/docbook/xsl-stylesheets
checking for fop... no
checking for fop.sh... no
checking for xmltex... no
checking for dvips... /usr/share/texmf/bin/dvips
configure: WARNING: cannot find an FO => DVI converter, you will not be able to build DVI or PostScript documentation
checking for pdfxmltex... no
configure: WARNING: cannot find an FO => PDF converter, you will not be able to build PDF documentation
checking for ghc-pkg matching /usr/bin/ghc... (cached) /usr/bin/ghc-pkg
checking for happy... no
checking for version of happy... 
checking for haddock... /usr/bin/haddock
checking for alex... no
checking for version of alex... 
checking for egrep... grep -E
checking for ANSI C header files... yes
checking for special C compiler options needed for large files... no
checking for _FILE_OFFSET_BITS value needed for large files... 64
checking for _LARGE_FILES value needed for large files... no
checking for sys/types.h... yes
checking for sys/stat.h... yes
checking for stdlib.h... yes
checking for string.h... yes
checking for memory.h... yes
checking for strings.h... yes
checking for inttypes.h... yes
checking for stdint.h... yes
checking for unistd.h... yes
checking bfd.h usability... yes
checking bfd.h presence... yes
checking for bfd.h... yes
checking ctype.h usability... yes
checking ctype.h presence... yes
checking for ctype.h... yes
checking dirent.h usability... yes
checking dirent.h presence... yes
checking for dirent.h... yes
checking dlfcn.h usability... yes
checking dlfcn.h presence... yes
checking for dlfcn.h... yes
checking errno.h usability... yes
checking errno.h presence... yes
checking for errno.h... yes
checking fcntl.h usability... yes
checking fcntl.h presence... yes
checking for fcntl.h... yes
checking grp.h usability... yes
checking grp.h presence... yes
checking for grp.h... yes
checking limits.h usability... yes
checking limits.h presence... yes
checking for limits.h... yes
checking locale.h usability... yes
checking locale.h presence... yes
checking for locale.h... yes
checking nlist.h usability... no
checking nlist.h presence... no
checking for nlist.h... no
checking pthread.h usability... yes
checking pthread.h presence... yes
checking for pthread.h... yes
checking pwd.h usability... yes
checking pwd.h presence... yes
checking for pwd.h... yes
checking signal.h usability... yes
checking signal.h presence... yes
checking for signal.h... yes
checking sys/mman.h usability... yes
checking sys/mman.h presence... yes
checking for sys/mman.h... yes
checking sys/resource.h usability... yes
checking sys/resource.h presence... yes
checking for sys/resource.h... yes
checking sys/time.h usability... yes
checking sys/time.h presence... yes
checking for sys/time.h... yes
checking sys/timeb.h usability... yes
checking sys/timeb.h presence... yes
checking for sys/timeb.h... yes
checking sys/timers.h usability... no
checking sys/timers.h presence... no
checking for sys/timers.h... no
checking sys/times.h usability... yes
checking sys/times.h presence... yes
checking for sys/times.h... yes
checking sys/utsname.h usability... yes
checking sys/utsname.h presence... yes
checking for sys/utsname.h... yes
checking sys/wait.h usability... yes
checking sys/wait.h presence... yes
checking for sys/wait.h... yes
checking termios.h usability... yes
checking termios.h presence... yes
checking for termios.h... yes
checking time.h usability... yes
checking time.h presence... yes
checking for time.h... yes
checking utime.h usability... yes
checking utime.h presence... yes
checking for utime.h... yes
checking windows.h usability... no
checking windows.h presence... no
checking for windows.h... no
checking winsock.h usability... no
checking winsock.h presence... no
checking for winsock.h... no
checking readline/readline.h usability... yes
checking readline/readline.h presence... yes
checking for readline/readline.h... yes
checking readline/history.h usability... yes
checking readline/history.h presence... yes
checking for readline/history.h... yes
checking whether time.h and sys/time.h may both be included... yes
checking for long long... yes
checking for char... yes
checking size of char... 1
checking for double... yes
checking size of double... 8
checking for float... yes
checking size of float... 4
checking for int... yes
checking size of int... 4
checking for long... yes
checking size of long... 4
checking for long long... (cached) yes
checking size of long long... 8
checking for short... yes
checking size of short... 2
checking for unsigned char... yes
checking size of unsigned char... 1
checking for unsigned int... yes
checking size of unsigned int... 4
checking for unsigned long... yes
checking size of unsigned long... 4
checking for unsigned long long... yes
checking size of unsigned long long... 8
checking for unsigned short... yes
checking size of unsigned short... 2
checking for void *... yes
checking size of void *... 4
checking for char... (cached) yes
checking alignment of char... 1
checking for double... (cached) yes
checking alignment of double... 4
checking for float... (cached) yes
checking alignment of float... 4
checking for int... (cached) yes
checking alignment of int... 4
checking for long... (cached) yes
checking alignment of long... 4
checking for long long... (cached) yes
checking alignment of long long... 4
checking for short... (cached) yes
checking alignment of short... 2
checking for unsigned char... (cached) yes
checking alignment of unsigned char... 1
checking for unsigned int... (cached) yes
checking alignment of unsigned int... 4
checking for unsigned long... (cached) yes
checking alignment of unsigned long... 4
checking for unsigned long long... (cached) yes
checking alignment of unsigned long long... 4
checking for unsigned short... (cached) yes
checking alignment of unsigned short... 2
checking for void *... (cached) yes
checking alignment of void *... 4
checking for WinExec... no
checking for GetModuleFileName... no
checking return type of signal handlers... void
checking for getclock... no
checking for getrusage... yes
checking for gettimeofday... yes
checking for setitimer... yes
checking for siginterrupt... yes
checking for sysconf... yes
checking for times... yes
checking for ctime_r... yes
checking for getpagesize... yes
checking for __gmpz_fdiv_qr in -lgmp... yes
checking for closedir in -lmingwex... no
checking for xmalloc in -liberty... yes
checking for bfd_init in -lbfd... yes
checking for atan... no
checking for atan in -lm... yes
checking for dlopen in -ldl... yes
checking for working alloca.h... yes
checking for alloca... yes
checking for pid_t... yes
checking for unistd.h... (cached) yes
checking vfork.h usability... no
checking vfork.h presence... no
checking for vfork.h... no
checking for fork... yes
checking for vfork... yes
checking for working fork... yes
checking for working vfork... (cached) yes
checking for an ANSI C-conforming const... yes
checking whether byte ordering is bigendian... no
checking whether float word order is big endian... no
checking for nlist in -lelf... no
checking leading underscore in symbol names... no
checking for ld... /usr/bin/ld
checking whether ld understands -x... yes
checking whether ld is GNU ld... yes
checking for .subsections_via_symbols... no
checking for GNU non-executable stack support... yes
checking for clock_gettime in -lrt... yes
checking for clock_gettime... yes
checking for printf$LDBLStub... no
checking for pkg-config... /usr/bin/pkg-config
configure: creating ./config.status
config.status: creating mk/config.mk
config.status: creating ghc.spec
config.status: creating docs/users_guide/ug-book.xml
config.status: creating mk/config.h
config.status: mk/config.h is unchanged
config.status: executing mk/stamp-h commands
configure: configuring in libraries
configure: running /bin/sh './configure' --prefix=/usr  '--prefix=/usr' '--sysconfdir=/etc' '--localstatedir=/var/lib' 'CFLAGS=-O2 -march=i486 -mtune=i686' --cache-file=/dev/null --srcdir=.
configure: creating ./config.status
configure: configuring in base
configure: running /bin/sh './configure' --prefix=/usr  '--prefix=/usr' '--sysconfdir=/etc' '--localstatedir=/var/lib' 'CFLAGS=-O2 -march=i486 -mtune=i686' '--cache-file=/dev/null' '--srcdir=.' --cache-file=/dev/null --srcdir=.
checking for gcc... gcc
checking for C compiler default output... a.out
checking whether the C compiler works... yes
checking whether we are cross compiling... no
checking for suffix of executables... 
checking for suffix of object files... o
checking whether we are using the GNU C compiler... yes
checking whether gcc accepts -g... yes
checking for gcc option to accept ANSI C... none needed
checking how to run the C preprocessor... gcc -E
checking for egrep... grep -E
checking for ANSI C header files... yes
checking for sys/types.h... yes
checking for sys/stat.h... yes
checking for stdlib.h... yes
checking for string.h... yes
checking for memory.h... yes
checking for strings.h... yes
checking for inttypes.h... yes
checking for stdint.h... yes
checking for unistd.h... yes
checking for long long... yes
checking for pid_t... yes
checking for unistd.h... (cached) yes
checking vfork.h usability... no
checking vfork.h presence... no
checking for vfork.h... no
checking for fork... yes
checking for vfork... yes
checking for working fork... yes
checking for working vfork... (cached) yes
checking for an ANSI C-conforming const... yes
checking for ANSI C header files... (cached) yes
checking ctype.h usability... yes
checking ctype.h presence... yes
checking for ctype.h... yes
checking dirent.h usability... yes
checking dirent.h presence... yes
checking for dirent.h... yes
checking errno.h usability... yes
checking errno.h presence... yes
checking for errno.h... yes
checking fcntl.h usability... yes
checking fcntl.h presence... yes
checking for fcntl.h... yes
checking limits.h usability... yes
checking limits.h presence... yes
checking for limits.h... yes
checking signal.h usability... yes
checking signal.h presence... yes
checking for signal.h... yes
checking sys/resource.h usability... yes
checking sys/resource.h presence... yes
checking for sys/resource.h... yes
checking sys/select.h usability... yes
checking sys/select.h presence... yes
checking for sys/select.h... yes
checking sys/syscall.h usability... yes
checking sys/syscall.h presence... yes
checking for sys/syscall.h... yes
checking sys/time.h usability... yes
checking sys/time.h presence... yes
checking for sys/time.h... yes
checking sys/timeb.h usability... yes
checking sys/timeb.h presence... yes
checking for sys/timeb.h... yes
checking sys/timers.h usability... no
checking sys/timers.h presence... no
checking for sys/timers.h... no
checking sys/times.h usability... yes
checking sys/times.h presence... yes
checking for sys/times.h... yes
checking sys/utsname.h usability... yes
checking sys/utsname.h presence... yes
checking for sys/utsname.h... yes
checking sys/wait.h usability... yes
checking sys/wait.h presence... yes
checking for sys/wait.h... yes
checking termios.h usability... yes
checking termios.h presence... yes
checking for termios.h... yes
checking time.h usability... yes
checking time.h presence... yes
checking for time.h... yes
checking utime.h usability... yes
checking utime.h presence... yes
checking for utime.h... yes
checking windows.h usability... no
checking windows.h presence... no
checking for windows.h... no
checking winsock.h usability... no
checking winsock.h presence... no
checking for winsock.h... no
checking for special C compiler options needed for large files... no
checking for _FILE_OFFSET_BITS value needed for large files... 64
checking for _LARGE_FILES value needed for large files... no
checking wctype.h usability... yes
checking wctype.h presence... yes
checking for wctype.h... yes
checking for iswspace... yes
checking for ftime... yes
checking for gmtime_r... yes
checking for localtime_r... yes
checking for lstat... yes
checking for readdir_r... yes
checking for getclock... no
checking for getrusage... yes
checking for gettimeofday... yes
checking for setitimer... yes
checking for times... yes
checking for _chsize... no
checking for ftruncate... yes
checking whether time.h and sys/time.h may both be included... yes
checking whether struct tm is in sys/time.h or time.h... time.h
checking for struct tm.tm_zone... yes
checking for sys/time.h... (cached) yes
checking whether altzone is declared... no
checking Haskell type for char... Int8
checking Haskell type for signed char... Int8
checking Haskell type for unsigned char... Word8
checking Haskell type for short... Int16
checking Haskell type for unsigned short... Word16
checking Haskell type for int... Int32
checking Haskell type for unsigned int... Word32
checking Haskell type for long... Int32
checking Haskell type for unsigned long... Word32
checking Haskell type for long long... Int64
checking Haskell type for unsigned long long... Word64
checking Haskell type for float... Float
checking Haskell type for double... Double
checking Haskell type for ptrdiff_t... Int32
checking Haskell type for size_t... Word32
checking Haskell type for wchar_t... Int32
checking Haskell type for sig_atomic_t... Int32
checking Haskell type for clock_t... Int32
checking Haskell type for time_t... Int32
checking Haskell type for dev_t... Word64
checking Haskell type for ino_t... Word64
checking Haskell type for mode_t... Word32
checking Haskell type for off_t... Int64
checking Haskell type for pid_t... Int32
checking Haskell type for gid_t... Word32
checking Haskell type for uid_t... Word32
checking Haskell type for cc_t... Word8
checking Haskell type for speed_t... Word32
checking Haskell type for tcflag_t... Word32
checking Haskell type for nlink_t... Word32
checking Haskell type for ssize_t... Int32
checking Haskell type for rlim_t... Word64
checking Haskell type for wint_t... Word32
checking Haskell type for intptr_t... Int32
checking Haskell type for uintptr_t... Word32
checking Haskell type for intmax_t... Int64
checking Haskell type for uintmax_t... Word64
checking value of E2BIG... 7
checking value of EACCES... 13
checking value of EADDRINUSE... 98
checking value of EADDRNOTAVAIL... 99
checking value of EADV... 68
checking value of EAFNOSUPPORT... 97
checking value of EAGAIN... 11
checking value of EALREADY... 114
checking value of EBADF... 9
checking value of EBADMSG... 74
checking value of EBADRPC... -1
checking value of EBUSY... 16
checking value of ECHILD... 10
checking value of ECOMM... 70
checking value of ECONNABORTED... 103
checking value of ECONNREFUSED... 111
checking value of ECONNRESET... 104
checking value of EDEADLK... 35
checking value of EDESTADDRREQ... 89
checking value of EDIRTY... -1
checking value of EDOM... 33
checking value of EDQUOT... 122
checking value of EEXIST... 17
checking value of EFAULT... 14
checking value of EFBIG... 27
checking value of EFTYPE... -1
checking value of EHOSTDOWN... 112
checking value of EHOSTUNREACH... 113
checking value of EIDRM... 43
checking value of EILSEQ... 84
checking value of EINPROGRESS... 115
checking value of EINTR... 4
checking value of EINVAL... 22
checking value of EIO... 5
checking value of EISCONN... 106
checking value of EISDIR... 21
checking value of ELOOP... 40
checking value of EMFILE... 24
checking value of EMLINK... 31
checking value of EMSGSIZE... 90
checking value of EMULTIHOP... 72
checking value of ENAMETOOLONG... 36
checking value of ENETDOWN... 100
checking value of ENETRESET... 102
checking value of ENETUNREACH... 101
checking value of ENFILE... 23
checking value of ENOBUFS... 105
checking value of ENODATA... 61
checking value of ENODEV... 19
checking value of ENOENT... 2
checking value of ENOEXEC... 8
checking value of ENOLCK... 37
checking value of ENOLINK... 67
checking value of ENOMEM... 12
checking value of ENOMSG... 42
checking value of ENONET... 64
checking value of ENOPROTOOPT... 92
checking value of ENOSPC... 28
checking value of ENOSR... 63
checking value of ENOSTR... 60
checking value of ENOSYS... 38
checking value of ENOTBLK... 15
checking value of ENOTCONN... 107
checking value of ENOTDIR... 20
checking value of ENOTEMPTY... 39
checking value of ENOTSOCK... 88
checking value of ENOTTY... 25
checking value of ENXIO... 6
checking value of EOPNOTSUPP... 95
checking value of EPERM... 1
checking value of EPFNOSUPPORT... 96
checking value of EPIPE... 32
checking value of EPROCLIM... -1
checking value of EPROCUNAVAIL... -1
checking value of EPROGMISMATCH... -1
checking value of EPROGUNAVAIL... -1
checking value of EPROTO... 71
checking value of EPROTONOSUPPORT... 93
checking value of EPROTOTYPE... 91
checking value of ERANGE... 34
checking value of EREMCHG... 78
checking value of EREMOTE... 66
checking value of EROFS... 30
checking value of ERPCMISMATCH... -1
checking value of ERREMOTE... -1
checking value of ESHUTDOWN... 108
checking value of ESOCKTNOSUPPORT... 94
checking value of ESPIPE... 29
checking value of ESRCH... 3
checking value of ESRMNT... 69
checking value of ESTALE... 116
checking value of ETIME... 62
checking value of ETIMEDOUT... 110
checking value of ETOOMANYREFS... 109
checking value of ETXTBSY... 26
checking value of EUSERS... 87
checking value of EWOULDBLOCK... 11
checking value of EXDEV... 18
checking value of ENOCIGAR... -1
checking value of SIGABRT... 6
checking value of SIGALRM... 14
checking value of SIGBUS... 7
checking value of SIGCHLD... 17
checking value of SIGCONT... 18
checking value of SIGFPE... 8
checking value of SIGHUP... 1
checking value of SIGILL... 4
checking value of SIGINT... 2
checking value of SIGKILL... 9
checking value of SIGPIPE... 13
checking value of SIGQUIT... 3
checking value of SIGSEGV... 11
checking value of SIGSTOP... 19
checking value of SIGTERM... 15
checking value of SIGTSTP... 20
checking value of SIGTTIN... 21
checking value of SIGTTOU... 22
checking value of SIGUSR1... 10
checking value of SIGUSR2... 12
checking value of SIGPOLL... 29
checking value of SIGPROF... 27
checking value of SIGSYS... 31
checking value of SIGTRAP... 5
checking value of SIGURG... 23
checking value of SIGVTALRM... 26
checking value of SIGXCPU... 24
checking value of SIGXFSZ... 25
checking value of SIG_BLOCK... 0
checking value of SIG_SETMASK... 2
checking value of SIG_UNBLOCK... 1
checking value of SIG_DFL... 0
checking value of SIG_IGN... 1
checking value of SIG_ERR... 4294967295
checking value of O_BINARY... 0
checking what readdir sets errno to upon EOF... 0
configure: creating ./config.status
config.status: creating include/HsBaseConfig.h
config.status: include/HsBaseConfig.h is unchanged
configure: configuring in readline
configure: running /bin/sh './configure' --prefix=/usr  '--prefix=/usr' '--sysconfdir=/etc' '--localstatedir=/var/lib' 'CFLAGS=-O2 -march=i486 -mtune=i686' '--cache-file=/dev/null' '--srcdir=.' --cache-file=/dev/null --srcdir=.
checking for gcc... gcc
checking for C compiler default output... a.out
checking whether the C compiler works... yes
checking whether we are cross compiling... no
checking for suffix of executables... 
checking for suffix of object files... o
checking whether we are using the GNU C compiler... yes
checking whether gcc accepts -g... yes
checking for gcc option to accept ANSI C... none needed
checking for tputs in -lncurses... yes
checking for readline in -lreadline... yes
checking for rl_readline_version in -lreadline... yes
checking for rl_erase_empty_line in -lreadline... yes
checking for rl_free_undo_list in -lreadline... yes
configure: creating ./config.status
config.status: creating config.mk
config.status: creating readline.buildinfo
config.status: creating include/HsReadlineConfig.h
config.status: include/HsReadlineConfig.h is unchanged
configure: configuring in network
configure: running /bin/sh './configure' --prefix=/usr  '--prefix=/usr' '--sysconfdir=/etc' '--localstatedir=/var/lib' 'CFLAGS=-O2 -march=i486 -mtune=i686' '--cache-file=/dev/null' '--srcdir=.' --cache-file=/dev/null --srcdir=.
checking build system type... i686-pc-linux-gnu
checking host system type... i686-pc-linux-gnu
checking for gcc... gcc
checking for C compiler default output... a.out
checking whether the C compiler works... yes
checking whether we are cross compiling... no
checking for suffix of executables... 
checking for suffix of object files... o
checking whether we are using the GNU C compiler... yes
checking whether gcc accepts -g... yes
checking for gcc option to accept ANSI C... none needed
checking for an ANSI C-conforming const... yes
checking how to run the C preprocessor... gcc -E
checking for egrep... grep -E
checking for ANSI C header files... yes
checking for sys/types.h... yes
checking for sys/stat.h... yes
checking for stdlib.h... yes
checking for string.h... yes
checking for memory.h... yes
checking for strings.h... yes
checking for inttypes.h... yes
checking for stdint.h... yes
checking for unistd.h... yes
checking fcntl.h usability... yes
checking fcntl.h presence... yes
checking for fcntl.h... yes
checking limits.h usability... yes
checking limits.h presence... yes
checking for limits.h... yes
checking for stdlib.h... (cached) yes
checking for sys/types.h... (cached) yes
checking for unistd.h... (cached) yes
checking winsock.h usability... no
checking winsock.h presence... no
checking for winsock.h... no
checking arpa/inet.h usability... yes
checking arpa/inet.h presence... yes
checking for arpa/inet.h... yes
checking netdb.h usability... yes
checking netdb.h presence... yes
checking for netdb.h... yes
checking netinet/in.h usability... yes
checking netinet/in.h presence... yes
checking for netinet/in.h... yes
checking netinet/tcp.h usability... yes
checking netinet/tcp.h presence... yes
checking for netinet/tcp.h... yes
checking sys/socket.h usability... yes
checking sys/socket.h presence... yes
checking for sys/socket.h... yes
checking sys/uio.h usability... yes
checking sys/uio.h presence... yes
checking for sys/uio.h... yes
checking sys/un.h usability... yes
checking sys/un.h presence... yes
checking for sys/un.h... yes
checking for readlink... yes
checking for symlink... yes
checking for struct msghdr.msg_control... yes
checking for struct msghdr.msg_accrights... no
checking for in_addr_t in netinet/in.h... yes
checking for sendfile in sys/sendfile.h... yes
checking for sendfile in sys/socket.h... no
checking for gethostent... yes
configure: creating ./config.status
config.status: creating network.buildinfo
config.status: creating include/HsNetworkConfig.h
config.status: include/HsNetworkConfig.h is unchanged
configure: configuring in X11
configure: running /bin/sh './configure' --prefix=/usr  '--prefix=/usr' '--sysconfdir=/etc' '--localstatedir=/var/lib' 'CFLAGS=-O2 -march=i486 -mtune=i686' '--cache-file=/dev/null' '--srcdir=.' --cache-file=/dev/null --srcdir=.
checking for gcc... gcc
checking for C compiler default output... a.out
checking whether the C compiler works... yes
checking whether we are cross compiling... no
checking for suffix of executables... 
checking for suffix of object files... o
checking whether we are using the GNU C compiler... yes
checking whether gcc accepts -g... yes
checking for gcc option to accept ANSI C... none needed
checking how to run the C preprocessor... gcc -E
checking for X... libraries /usr/X11R6/lib, headers /usr/X11R6/include
checking for gethostbyname... yes
checking for connect... yes
checking for remove... yes
checking for shmat... yes
checking for IceConnectionNumber in -lICE... yes
configure: creating ./config.status
config.status: creating config.mk
config.status: creating X11.buildinfo
config.status: creating include/HsX11Config.h
config.status: include/HsX11Config.h is unchanged
configure: configuring in HGL
configure: running /bin/sh './configure' --prefix=/usr  '--prefix=/usr' '--sysconfdir=/etc' '--localstatedir=/var/lib' 'CFLAGS=-O2 -march=i486 -mtune=i686' '--cache-file=/dev/null' '--srcdir=.' --cache-file=/dev/null --srcdir=.
checking for gcc... gcc
checking for C compiler default output... a.out
checking whether the C compiler works... yes
checking whether we are cross compiling... no
checking for suffix of executables... 
checking for suffix of object files... o
checking whether we are using the GNU C compiler... yes
checking whether gcc accepts -g... yes
checking for gcc option to accept ANSI C... none needed
checking how to run the C preprocessor... gcc -E
checking for X... libraries /usr/X11R6/lib, headers /usr/X11R6/include
checking for gethostbyname... yes
checking for connect... yes
checking for remove... yes
checking for shmat... yes
checking for IceConnectionNumber in -lICE... yes
configure: creating ./config.status
config.status: creating config.mk
config.status: creating HGL.buildinfo
config.status: creating include/HsHGLConfig.h
config.status: include/HsHGLConfig.h is unchanged
configure: configuring in OpenGL
configure: running /bin/sh './configure' --prefix=/usr  '--prefix=/usr' '--sysconfdir=/etc' '--localstatedir=/var/lib' 'CFLAGS=-O2 -march=i486 -mtune=i686' '--cache-file=/dev/null' '--srcdir=.' --cache-file=/dev/null --srcdir=.
checking for gcc... gcc
checking for C compiler default output... a.out
checking whether the C compiler works... yes
checking whether we are cross compiling... no
checking for suffix of executables... 
checking for suffix of object files... o
checking whether we are using the GNU C compiler... yes
checking whether gcc accepts -g... yes
checking for gcc option to accept ANSI C... none needed
checking for Windows environment... no
checking how to run the C preprocessor... gcc -E
checking for X... libraries /usr/X11R6/lib, headers /usr/X11R6/include
checking for gethostbyname... yes
checking for connect... yes
checking for remove... yes
checking for shmat... yes
checking for IceConnectionNumber in -lICE... yes
checking build system type... i686-pc-linux-gnu
checking host system type... i686-pc-linux-gnu
checking target system type... i686-pc-linux-gnu
checking for atan... no
checking for atan in -lm... yes
checking for GL library... -lGL -L/usr/X11R6/lib -lX11 -lm 
checking for GLU library... -lGLU -lGL -L/usr/X11R6/lib -lX11 -lm 
checking for egrep... grep -E
checking for ANSI C header files... yes
checking for sys/types.h... yes
checking for sys/stat.h... yes
checking for stdlib.h... yes
checking for string.h... yes
checking for memory.h... yes
checking for strings.h... yes
checking for inttypes.h... yes
checking for stdint.h... yes
checking for unistd.h... yes
checking GL/gl.h usability... yes
checking GL/gl.h presence... yes
checking for GL/gl.h... yes
checking OpenGL/gl.h usability... no
checking OpenGL/gl.h presence... no
checking for OpenGL/gl.h... no
checking GL/glu.h usability... yes
checking GL/glu.h presence... yes
checking for GL/glu.h... yes
checking OpenGL/glu.h usability... no
checking OpenGL/glu.h presence... no
checking for OpenGL/glu.h... no
checking Haskell type for GLboolean... Word8
checking Haskell type for GLbyte... Int8
checking Haskell type for GLubyte... Word8
checking Haskell type for GLshort... Int16
checking Haskell type for GLushort... Word16
checking Haskell type for GLint... Int32
checking Haskell type for GLuint... Word32
checking Haskell type for GLsizei... Int32
checking Haskell type for GLenum... Word32
checking Haskell type for GLbitfield... Word32
checking Haskell type for GLfloat... Float
checking Haskell type for GLclampf... Float
checking Haskell type for GLdouble... Double
checking Haskell type for GLclampd... Double
checking Haskell type for GLchar... Int8
checking Haskell type for GLintptr... Int32
checking Haskell type for GLsizeiptr... Int32
configure: creating ./config.status
config.status: creating config.mk
config.status: creating OpenGL.buildinfo
config.status: creating include/HsOpenGLConfig.h
config.status: include/HsOpenGLConfig.h is unchanged
config.status: creating include/HsOpenGL.h
config.status: include/HsOpenGL.h is unchanged
configure: configuring in GLUT
configure: running /bin/sh './configure' --prefix=/usr  '--prefix=/usr' '--sysconfdir=/etc' '--localstatedir=/var/lib' 'CFLAGS=-O2 -march=i486 -mtune=i686' '--cache-file=/dev/null' '--srcdir=.' --cache-file=/dev/null --srcdir=.
checking for gcc... gcc
checking for C compiler default output... a.out
checking whether the C compiler works... yes
checking whether we are cross compiling... no
checking for suffix of executables... 
checking for suffix of object files... o
checking whether we are using the GNU C compiler... yes
checking whether gcc accepts -g... yes
checking for gcc option to accept ANSI C... none needed
checking for Windows environment... no
checking how to run the C preprocessor... gcc -E
checking for X... libraries /usr/X11R6/lib, headers /usr/X11R6/include
checking for gethostbyname... yes
checking for connect... yes
checking for remove... yes
checking for shmat... yes
checking for IceConnectionNumber in -lICE... yes
checking build system type... i686-pc-linux-gnu
checking host system type... i686-pc-linux-gnu
checking target system type... i686-pc-linux-gnu
checking for atan... no
checking for atan in -lm... yes
checking for GL library... -lGL -L/usr/X11R6/lib -lX11 -lm 
checking for GLU library... -lGLU -lGL -L/usr/X11R6/lib -lX11 -lm 
checking for egrep... grep -E
checking for ANSI C header files... yes
checking for sys/types.h... yes
checking for sys/stat.h... yes
checking for stdlib.h... yes
checking for string.h... yes
checking for memory.h... yes
checking for strings.h... yes
checking for inttypes.h... yes
checking for stdint.h... yes
checking for unistd.h... yes
checking windows.h usability... no
checking windows.h presence... no
checking for windows.h... no
checking GL/glut.h usability... yes
checking GL/glut.h presence... yes
checking for GL/glut.h... yes
checking for GLUT library... -lglut  -lSM -lICE -lXmu -lXi  -lGLU -lGL -L/usr/X11R6/lib -lX11 -lm 
checking for GL/glut.h... (cached) yes
checking GLUT/glut.h usability... no
checking GLUT/glut.h presence... no
checking for GLUT/glut.h... no
checking for windows.h... (cached) no
configure: creating ./config.status
config.status: creating config.mk
config.status: creating GLUT.buildinfo
config.status: creating include/HsGLUTConfig.h
config.status: include/HsGLUTConfig.h is unchanged
config.status: creating include/HsGLUT.h
config.status: include/HsGLUT.h is unchanged
configure: configuring in OpenAL
configure: running /bin/sh './configure' --prefix=/usr  '--prefix=/usr' '--sysconfdir=/etc' '--localstatedir=/var/lib' 'CFLAGS=-O2 -march=i486 -mtune=i686' '--cache-file=/dev/null' '--srcdir=.' --cache-file=/dev/null --srcdir=.
checking build system type... i686-pc-linux-gnu
checking host system type... i686-pc-linux-gnu
checking target system type... i686-pc-linux-gnu
checking for gcc... gcc
checking for C compiler default output... a.out
checking whether the C compiler works... yes
checking whether we are cross compiling... no
checking for suffix of executables... 
checking for suffix of object files... o
checking whether we are using the GNU C compiler... yes
checking whether gcc accepts -g... yes
checking for gcc option to accept ANSI C... none needed
checking for library containing alGenSources... -lopenal
checking how to run the C preprocessor... gcc -E
checking for egrep... grep -E
checking for ANSI C header files... yes
checking for sys/types.h... yes
checking for sys/stat.h... yes
checking for stdlib.h... yes
checking for string.h... yes
checking for memory.h... yes
checking for strings.h... yes
checking for inttypes.h... yes
checking for stdint.h... yes
checking for unistd.h... yes
checking AL/al.h usability... yes
checking AL/al.h presence... yes
checking for AL/al.h... yes
checking AL/alc.h usability... yes
checking AL/alc.h presence... yes
checking for AL/alc.h... yes
checking AL/alext.h usability... yes
checking AL/alext.h presence... yes
checking for AL/alext.h... yes
checking whether alcCloseDevice returns void... no
checking whether alcMakeContextCurrent returns void... no
checking whether alcProcessContext returns void... yes
checking whether alcDestroyContext returns void... yes
checking Haskell type for ALboolean... Int8
checking Haskell type for ALchar... Int8
checking Haskell type for ALbyte... Int8
checking Haskell type for ALubyte... Word8
checking Haskell type for ALshort... Int16
checking Haskell type for ALushort... Word16
checking Haskell type for ALint... Int32
checking Haskell type for ALuint... Word32
checking Haskell type for ALsizei... Int32
checking Haskell type for ALenum... Int32
checking Haskell type for ALfloat... Float
checking Haskell type for ALdouble... Double
checking Haskell type for ALCboolean... Int8
checking Haskell type for ALCchar... Int8
checking Haskell type for ALCbyte... Int8
checking Haskell type for ALCubyte... Word8
checking Haskell type for ALCshort... Int16
checking Haskell type for ALCushort... Word16
checking Haskell type for ALCint... Int32
checking Haskell type for ALCuint... Word32
checking Haskell type for ALCsizei... Int32
checking Haskell type for ALCenum... Int32
checking Haskell type for ALCfloat... Float
checking Haskell type for ALCdouble... Double
checking value of AL_FALSE... 0
checking value of AL_TRUE... 1
checking value of AL_NO_ERROR... 0
checking value of AL_INVALID_NAME... 40961
checking value of AL_INVALID_ENUM... 40962
checking value of AL_INVALID_VALUE... 40963
checking value of AL_INVALID_OPERATION... 40964
checking value of AL_OUT_OF_MEMORY... 40965
checking value of AL_DOPPLER_FACTOR... 49152
checking value of AL_SPEED_OF_SOUND... 49155
checking value of AL_DISTANCE_MODEL... 53248
checking value of AL_VERSION... 45058
checking value of AL_RENDERER... 45059
checking value of AL_VENDOR... 45057
checking value of AL_EXTENSIONS... 45060
checking value of AL_NONE... 0
checking value of AL_INVERSE_DISTANCE... 53249
checking value of AL_INVERSE_DISTANCE_CLAMPED... 53250
checking value of AL_LINEAR_DISTANCE... 53251
checking value of AL_LINEAR_DISTANCE_CLAMPED... 53252
checking value of AL_EXPONENT_DISTANCE... 53253
checking value of AL_EXPONENT_DISTANCE_CLAMPED... 53254
checking value of AL_POSITION... 4100
checking value of AL_VELOCITY... 4102
checking value of AL_GAIN... 4106
checking value of AL_ORIENTATION... 4111
checking value of AL_SOURCE_RELATIVE... 514
checking value of AL_SOURCE_TYPE... 4135
checking value of AL_LOOPING... 4103
checking value of AL_BUFFER... 4105
checking value of AL_BUFFERS_QUEUED... 4117
checking value of AL_BUFFERS_PROCESSED... 4118
checking value of AL_MIN_GAIN... 4109
checking value of AL_MAX_GAIN... 4110
checking value of AL_REFERENCE_DISTANCE... 4128
checking value of AL_ROLLOFF_FACTOR... 4129
checking value of AL_MAX_DISTANCE... 4131
checking value of AL_PITCH... 4099
checking value of AL_DIRECTION... 4101
checking value of AL_CONE_INNER_ANGLE... 4097
checking value of AL_CONE_OUTER_ANGLE... 4098
checking value of AL_CONE_OUTER_GAIN... 4130
checking value of AL_SEC_OFFSET... 4132
checking value of AL_SAMPLE_OFFSET... 4133
checking value of AL_BYTE_OFFSET... 4134
checking value of AL_SOURCE_STATE... 4112
checking value of AL_UNDETERMINED... 4144
checking value of AL_STATIC... 4136
checking value of AL_STREAMING... 4137
checking value of AL_INITIAL... 4113
checking value of AL_PLAYING... 4114
checking value of AL_PAUSED... 4115
checking value of AL_STOPPED... 4116
checking value of AL_FREQUENCY... 8193
checking value of AL_SIZE... 8196
checking value of AL_BITS... 8194
checking value of AL_CHANNELS... 8195
checking value of AL_FORMAT_MONO8... 4352
checking value of AL_FORMAT_MONO16... 4353
checking value of AL_FORMAT_STEREO8... 4354
checking value of AL_FORMAT_STEREO16... 4355
checking value of ALC_FALSE... 0
checking value of ALC_TRUE... 1
checking value of ALC_FREQUENCY... 4103
checking value of ALC_REFRESH... 4104
checking value of ALC_SYNC... 4105
checking value of ALC_MONO_SOURCES... 4112
checking value of ALC_STEREO_SOURCES... 4113
checking value of ALC_NO_ERROR... 0
checking value of ALC_INVALID_DEVICE... 40961
checking value of ALC_INVALID_CONTEXT... 40962
checking value of ALC_INVALID_ENUM... 40963
checking value of ALC_INVALID_VALUE... 40964
checking value of ALC_INVALID_OPERATION... 40966
checking value of ALC_OUT_OF_MEMORY... 40965
checking value of ALC_DEFAULT_DEVICE_SPECIFIER... 4100
checking value of ALC_DEVICE_SPECIFIER... 4101
checking value of ALC_EXTENSIONS... 4102
checking value of ALC_CAPTURE_DEFAULT_DEVICE_SPECIFIER... 785
checking value of ALC_CAPTURE_DEVICE_SPECIFIER... 784
checking value of ALC_ATTRIBUTES_SIZE... 4098
checking value of ALC_ALL_ATTRIBUTES... 4099
checking value of ALC_MAJOR_VERSION... 4096
checking value of ALC_MINOR_VERSION... 4097
checking value of ALC_CAPTURE_SAMPLES... 786
configure: creating ./config.status
config.status: creating config.mk
config.status: creating OpenAL.buildinfo
config.status: creating include/HsOpenALConfig.h
config.status: include/HsOpenALConfig.h is unchanged
config.status: creating include/HsOpenAL.h
config.status: include/HsOpenAL.h is unchanged
configure: configuring in ALUT
configure: running /bin/sh './configure' --prefix=/usr  '--prefix=/usr' '--sysconfdir=/etc' '--localstatedir=/var/lib' 'CFLAGS=-O2 -march=i486 -mtune=i686' '--cache-file=/dev/null' '--srcdir=.' --cache-file=/dev/null --srcdir=.
checking build system type... i686-pc-linux-gnu
checking host system type... i686-pc-linux-gnu
checking target system type... i686-pc-linux-gnu
checking for gcc... gcc
checking for C compiler default output... a.out
checking whether the C compiler works... yes
checking whether we are cross compiling... no
checking for suffix of executables... 
checking for suffix of object files... o
checking whether we are using the GNU C compiler... yes
checking whether gcc accepts -g... yes
checking for gcc option to accept ANSI C... none needed
checking for library containing alGenSources... -lopenal
checking for library containing alutExit... none required
checking how to run the C preprocessor... gcc -E
checking for egrep... grep -E
checking for ANSI C header files... yes
checking for sys/types.h... yes
checking for sys/stat.h... yes
checking for stdlib.h... yes
checking for string.h... yes
checking for memory.h... yes
checking for strings.h... yes
checking for inttypes.h... yes
checking for stdint.h... yes
checking for unistd.h... yes
checking AL/alut.h usability... yes
checking AL/alut.h presence... yes
checking for AL/alut.h... yes
checking whether alutInit returns void... no
checking for alutInitWithoutContext... no
checking whether alutExit returns void... no
checking for alutGetError... no
checking for alutGetErrorString... no
checking for alutCreateBufferFromFile... no
checking for alutCreateBufferFromFileImage... no
checking for alutCreateBufferHelloWorld... no
checking for alutCreateBufferWaveform... no
checking for alutLoadMemoryFromFile... no
checking for alutLoadMemoryFromFileImage... no
checking for alutLoadMemoryHelloWorld... no
checking for alutLoadMemoryWaveform... no
checking for alutGetMIMETypes... no
checking for alutGetMajorVersion... no
checking for alutGetMinorVersion... no
checking for alutSleep... no
checking value of ALUT_API_MAJOR_VERSION... 1
checking value of ALUT_API_MINOR_VERSION... 1
checking value of ALUT_WAVEFORM_SINE... 256
checking value of ALUT_WAVEFORM_SQUARE... 257
checking value of ALUT_WAVEFORM_SAWTOOTH... 258
checking value of ALUT_WAVEFORM_WHITENOISE... 259
checking value of ALUT_WAVEFORM_IMPULSE... 260
checking value of ALUT_LOADER_BUFFER... 768
checking value of ALUT_LOADER_MEMORY... 769
configure: creating ./config.status
config.status: creating config.mk
config.status: creating ALUT.buildinfo
config.status: creating include/HsALUTConfig.h
config.status: include/HsALUTConfig.h is unchanged
config.status: creating include/HsALUT.h
config.status: include/HsALUT.h is unchanged
configure: configuring in time
configure: running /bin/sh './configure' --prefix=/usr  '--prefix=/usr' '--sysconfdir=/etc' '--localstatedir=/var/lib' 'CFLAGS=-O2 -march=i486 -mtune=i686' '--cache-file=/dev/null' '--srcdir=.' --cache-file=/dev/null --srcdir=.
checking for gcc... gcc
checking for C compiler default output... a.out
checking whether the C compiler works... yes
checking whether we are cross compiling... no
checking for suffix of executables... 
checking for suffix of object files... o
checking whether we are using the GNU C compiler... yes
checking whether gcc accepts -g... yes
checking for gcc option to accept ANSI C... none needed
checking how to run the C preprocessor... gcc -E
checking for egrep... grep -E
checking for ANSI C header files... yes
checking for sys/types.h... yes
checking for sys/stat.h... yes
checking for stdlib.h... yes
checking for string.h... yes
checking for memory.h... yes
checking for strings.h... yes
checking for inttypes.h... yes
checking for stdint.h... yes
checking for unistd.h... yes
checking time.h usability... yes
checking time.h presence... yes
checking for time.h... yes
checking for gmtime_r... yes
checking for localtime_r... yes
checking whether struct tm is in sys/time.h or time.h... time.h
checking for struct tm.tm_zone... yes
checking whether time.h and sys/time.h may both be included... yes
checking sys/time.h usability... yes
checking sys/time.h presence... yes
checking for sys/time.h... yes
checking whether altzone is declared... no
configure: creating ./config.status
config.status: creating include/HsTimeConfig.h
config.status: include/HsTimeConfig.h is unchanged
configure: configuring in unix
configure: running /bin/sh './configure' --prefix=/usr  '--prefix=/usr' '--sysconfdir=/etc' '--localstatedir=/var/lib' 'CFLAGS=-O2 -march=i486 -mtune=i686' '--cache-file=/dev/null' '--srcdir=.' --cache-file=/dev/null --srcdir=.
checking for gcc... gcc
checking for C compiler default output... a.out
checking whether the C compiler works... yes
checking whether we are cross compiling... no
checking for suffix of executables... 
checking for suffix of object files... o
checking whether we are using the GNU C compiler... yes
checking whether gcc accepts -g... yes
checking for gcc option to accept ANSI C... none needed
checking how to run the C preprocessor... gcc -E
checking for egrep... grep -E
checking for ANSI C header files... yes
checking for sys/types.h... yes
checking for sys/stat.h... yes
checking for stdlib.h... yes
checking for string.h... yes
checking for memory.h... yes
checking for strings.h... yes
checking for inttypes.h... yes
checking for stdint.h... yes
checking for unistd.h... yes
checking dlfcn.h usability... yes
checking dlfcn.h presence... yes
checking for dlfcn.h... yes
checking for an ANSI C-conforming const... yes
checking dirent.h usability... yes
checking dirent.h presence... yes
checking for dirent.h... yes
checking fcntl.h usability... yes
checking fcntl.h presence... yes
checking for fcntl.h... yes
checking grp.h usability... yes
checking grp.h presence... yes
checking for grp.h... yes
checking limits.h usability... yes
checking limits.h presence... yes
checking for limits.h... yes
checking pwd.h usability... yes
checking pwd.h presence... yes
checking for pwd.h... yes
checking signal.h usability... yes
checking signal.h presence... yes
checking for signal.h... yes
checking for string.h... (cached) yes
checking sys/resource.h usability... yes
checking sys/resource.h presence... yes
checking for sys/resource.h... yes
checking for sys/stat.h... (cached) yes
checking sys/times.h usability... yes
checking sys/times.h presence... yes
checking for sys/times.h... yes
checking sys/time.h usability... yes
checking sys/time.h presence... yes
checking for sys/time.h... yes
checking sys/utsname.h usability... yes
checking sys/utsname.h presence... yes
checking for sys/utsname.h... yes
checking sys/wait.h usability... yes
checking sys/wait.h presence... yes
checking for sys/wait.h... yes
checking termios.h usability... yes
checking termios.h presence... yes
checking for termios.h... yes
checking time.h usability... yes
checking time.h presence... yes
checking for time.h... yes
checking for unistd.h... (cached) yes
checking utime.h usability... yes
checking utime.h presence... yes
checking for utime.h... yes
checking for getgrgid_r... yes
checking for getgrnam_r... yes
checking for getpwnam_r... yes
checking for getpwuid_r... yes
checking for getpwnam... yes
checking for getpwuid... yes
checking for getpwent... yes
checking for getgrent... yes
checking for lchown... yes
checking for setenv... yes
checking for sysconf... yes
checking for unsetenv... yes
checking for nanosleep... yes
checking for _SC_GETGR_R_SIZE_MAX... yes
checking for _SC_GETPW_R_SIZE_MAX... yes
checking return type of usleep... int
checking for RTLD_NEXT from dlfcn.h... no
checking for RTLD_DEFAULT from dlfcn.h... no
checking for RTLD_LOCAL from dlfcn.h... yes
checking for RTLD_GLOBAL from dlfcn.h... yes
checking for RTLD_NOW from dlfcn.h... yes
checking for dlopen in -ldl... yes
configure: creating ./config.status
config.status: creating unix.buildinfo
config.status: creating include/HsUnixConfig.h
config.status: include/HsUnixConfig.h is unchanged
configure: configuring in regex-posix
configure: running /bin/sh './configure' --prefix=/usr  '--prefix=/usr' '--sysconfdir=/etc' '--localstatedir=/var/lib' 'CFLAGS=-O2 -march=i486 -mtune=i686' '--cache-file=/dev/null' '--srcdir=.' --cache-file=/dev/null --srcdir=.
checking for gcc... gcc
checking for C compiler default output... a.out
checking whether the C compiler works... yes
checking whether we are cross compiling... no
checking for suffix of executables... 
checking for suffix of object files... o
checking whether we are using the GNU C compiler... yes
checking whether gcc accepts -g... yes
checking for gcc option to accept ANSI C... none needed
checking how to run the C preprocessor... gcc -E
checking for egrep... grep -E
checking for ANSI C header files... yes
checking for sys/types.h... yes
checking for sys/stat.h... yes
checking for stdlib.h... yes
checking for string.h... yes
checking for memory.h... yes
checking for strings.h... yes
checking for inttypes.h... yes
checking for stdint.h... yes
checking for unistd.h... yes
checking regex.h usability... yes
checking regex.h presence... yes
checking for regex.h... yes
checking for regcomp... yes
configure: creating ./config.status
config.status: creating config.mk
config.status: creating include/HsRegexPosixConfig.h
config.status: include/HsRegexPosixConfig.h is unchanged
make -C utils/mkdependC boot
make[1]: Entering directory `/home/simon/build/ghc-6.6.1/utils/mkdependC'
make[1]: Leaving directory `/home/simon/build/ghc-6.6.1/utils/mkdependC'
------------------------------------------------------------------------
== make boot -r;
 in /home/simon/build/ghc-6.6.1/includes
------------------------------------------------------------------------
Creating ghcautoconf.h...
Done.
../utils/mkdependC/mkdependC -f .depend     -- -O -I. -I../rts    -- mkDerivedConstants.c 
gcc -O -I. -I../rts    -c mkDerivedConstants.c -o mkDerivedConstants.o
gcc -o mkDerivedConstantsHdr -O -I. -I../rts       mkDerivedConstants.o
./mkDerivedConstantsHdr >DerivedConstants.h
------------------------------------------------------------------------
== make boot -r;
 in /home/simon/build/ghc-6.6.1/compat
------------------------------------------------------------------------
../utils/mkdependC/mkdependC -f .depend    -I. -Iinclude -I../includes  -- -O -I. -Iinclude -D__GHC_PATCHLEVEL__=1 -I../libraries/base/cbits -I../libraries/base/include    -- cbits/directory.c cbits/rawSystem.c cbits/unicode.c 
/usr/bin/ghc -M -optdep-f -optdep.depend  -osuf o -optdep--exclude-module=System.Directory.Internals   -H16m -O -I. -Iinclude -Rghc-timing -ignore-package Cabal -I../libraries -fglasgow-exts -no-recomp Compat/Directory.hs Compat/RawSystem.hs Compat/Unicode.hs Distribution/Compat/FilePath.hs Distribution/Compat/ReadP.hs Distribution/Compiler.hs Distribution/GetOpt.hs Distribution/InstalledPackageInfo.hs Distribution/License.hs Distribution/Package.hs Distribution/ParseUtils.hs Distribution/Version.hs Language/Haskell/Extension.hs
<<ghc: 26428564 bytes, 6 GCs, 129308/129308 avg/max bytes residency (1 samples), 17M in use, 0.01 INIT (0.00 elapsed), 0.05 MUT (2.04 elapsed), 0.03 GC (0.04 elapsed) :ghc>>
make all
/usr/bin/ghc -optc-O -optc-I. -optc-Iinclude -optc-D__GHC_PATCHLEVEL__=1 -optc-I../libraries/base/cbits -optc-I../libraries/base/include -H16m -O -I. -Iinclude -Rghc-timing  -ignore-package Cabal -I../libraries -fglasgow-exts -no-recomp    -c cbits/directory.c -o cbits/directory.o
<<ghc: 17489056 bytes, 4 GCs, 126316/126316 avg/max bytes residency (1 samples), 16M in use, 0.01 INIT (0.00 elapsed), 0.03 MUT (0.21 elapsed), 0.02 GC (0.03 elapsed) :ghc>>
/usr/bin/ghc -optc-O -optc-I. -optc-Iinclude -optc-D__GHC_PATCHLEVEL__=1 -optc-I../libraries/base/cbits -optc-I../libraries/base/include -H16m -O -I. -Iinclude -Rghc-timing  -ignore-package Cabal -I../libraries -fglasgow-exts -no-recomp    -c cbits/rawSystem.c -o cbits/rawSystem.o
<<ghc: 17489056 bytes, 4 GCs, 126316/126316 avg/max bytes residency (1 samples), 16M in use, 0.01 INIT (0.00 elapsed), 0.02 MUT (0.14 elapsed), 0.02 GC (0.02 elapsed) :ghc>>
rm -f libghccompat.a
/usr/bin/ar q    libghccompat.a  Compat/Directory.o Compat/RawSystem.o Compat/Unicode.o Distribution/Compat/FilePath.o Distribution/Compat/ReadP.o Distribution/Compiler.o Distribution/GetOpt.o Distribution/InstalledPackageInfo.o Distribution/License.o Distribution/Package.o Distribution/ParseUtils.o Distribution/Version.o Language/Haskell/Extension.o cbits/directory.o cbits/rawSystem.o cbits/unicode.o  
/usr/bin/ar: creating libghccompat.a
: libghccompat.a
------------------------------------------------------------------------
== make boot -r;
 in /home/simon/build/ghc-6.6.1/utils
------------------------------------------------------------------------
------------------------------------------------------------------------
== Recursively making `boot' in mkdependC mkdirhier runstdtest ghc-pkg hasktags hp2ps hsc2hs parallel prof unlit genprimopcode genapply runghc lndir ...
PWD = /home/simon/build/ghc-6.6.1/utils
------------------------------------------------------------------------
------------------------------------------------------------------------
== make boot - --no-print-directory -r;
 in /home/simon/build/ghc-6.6.1/utils/mkdependC
------------------------------------------------------------------------
Finished making boot in mkdependC: 0
------------------------------------------------------------------------
== make boot - --no-print-directory -r;
 in /home/simon/build/ghc-6.6.1/utils/mkdirhier
------------------------------------------------------------------------
Finished making boot in mkdirhier: 0
------------------------------------------------------------------------
== make boot - --no-print-directory -r;
 in /home/simon/build/ghc-6.6.1/utils/runstdtest
------------------------------------------------------------------------
Finished making boot in runstdtest: 0
------------------------------------------------------------------------
== make boot - --no-print-directory -r;
 in /home/simon/build/ghc-6.6.1/utils/ghc-pkg
------------------------------------------------------------------------
Creating Version.hs ... 
/usr/bin/ghc -M -optdep-f -optdep.depend  -osuf o -optdep--exclude-module=Compat.RawSystem -optdep--exclude-module=Compat.Directory -optdep--exclude-module=Compat.Unicode -optdep--exclude-module=Distribution.Compat.FilePath -optdep--exclude-module=Distribution.Compat.ReadP -optdep--exclude-module=Distribution.Extension -optdep--exclude-module=Distribution.GetOpt -optdep--exclude-module=Distribution.InstalledPackageInfo -optdep--exclude-module=Distribution.License -optdep--exclude-module=Distribution.Package -optdep--exclude-module=Distribution.ParseUtils -optdep--exclude-module=Distribution.Compiler -optdep--exclude-module=Distribution.Version -optdep--exclude-module=System.Directory.Internals   -H16m -O -cpp -Wall -fno-warn-name-shadowing -fno-warn-unused-matches -DUSING_COMPAT -i../../compat -ignore-package Cabal -Rghc-timing Main.hs Version.hs
<<ghc: 19600636 bytes, 4 GCs, 135800/135800 avg/max bytes residency (1 samples), 16M in use, 0.00 INIT (0.00 elapsed), 0.04 MUT (0.14 elapsed), 0.02 GC (0.03 elapsed) :ghc>>
make all
/usr/bin/ghc -H16m -O -cpp -Wall -fno-warn-name-shadowing -fno-warn-unused-matches -DUSING_COMPAT -i../../compat -ignore-package Cabal  -Rghc-timing     -c Version.hs -o Version.o  -ohi Version.hi
<<ghc: 21602448 bytes, 8 GCs, 700622/1074020 avg/max bytes residency (3 samples), 17M in use, 0.01 INIT (0.00 elapsed), 0.04 MUT (3.58 elapsed), 0.04 GC (0.05 elapsed) :ghc>>
/usr/bin/ghc -o ghc-pkg.bin -H16m -O -cpp -Wall -fno-warn-name-shadowing -fno-warn-unused-matches -DUSING_COMPAT -i../../compat -ignore-package Cabal  -Rghc-timing     -L../../compat -lghccompat   Main.o Version.o   
Main.o(.text+0x72a7): In function `s7w2_info':
: undefined reference to `base_DataziList_zdsunwords_info'
Main.o(.text+0x72ff): In function `s7w6_info':
: undefined reference to `base_DataziList_lvl33_closure'
Main.o(.text+0xa771): In function `s7LP_info':
: undefined reference to `base_DataziList_zdsintersperse_info'
../../compat/libghccompat.a(Package.o)(.text+0x1f6d): In function `s1J5_info':
: undefined reference to `base_DataziList_zdsintersperse_info'
collect2: ld returned 1 exit status
<<ghc: 17711808 bytes, 6 GCs, 124930/131264 avg/max bytes residency (2 samples), 16M in use, 0.01 INIT (0.00 elapsed), 0.04 MUT (6.32 elapsed), 0.01 GC (0.02 elapsed) :ghc>>
make[3]: *** [ghc-pkg.bin] Error 1
make[2]: *** [boot] Error 2
Failed making boot in ghc-pkg: 1
make[1]: *** [boot] Error 1
make: *** [stage1] Error 1
